<?xml version="1.0" encoding="UTF-8" ?>
<testsuite tests="5" failures="0" name="br.com.xmrtecnologia.task.APITest" time="0.961" errors="0" skipped="0">
  <properties>
[...]
</properties>
  <testcase classname="br.com.xmrtecnologia.task.APITest" name="naoDeveAdicionarTarefaInvalida" time="0.862"/>
  <testcase classname="br.com.xmrtecnologia.task.APITest" name="testGetTest" time="0.055"/>
  <testcase classname="br.com.xmrtecnologia.task.APITest" name="deveRetornarTarefasTest" time="0.011"/>
  <testcase classname="br.com.xmrtecnologia.task.APITest" name="deveAdicionarTarefaComSucessoTest" time="0.016"/>
  <testcase classname="br.com.xmrtecnologia.task.APITest" name="testPostTest" time="0.017"/>
</testsuite>